#
# There is insufficient memory for the Java Runtime Environment to continue.
# Native memory allocation (malloc) failed to allocate 488416 bytes for Chunk::new
# Possible reasons:
#   The system is out of physical RAM or swap space
#   The process is running with CompressedOops enabled, and the Java Heap may be blocking the growth of the native heap
# Possible solutions:
#   Reduce memory load on the system
#   Increase physical memory or swap space
#   Check if swap backing store is full
#   Decrease Java heap size (-Xmx/-Xms)
#   Decrease number of Java threads
#   Decrease Java thread stack sizes (-Xss)
#   Set larger code cache with -XX:ReservedCodeCacheSize=
#   JVM is running with Unscaled Compressed Oops mode in which the Java heap is
#     placed in the first 4GB address space. The Java Heap base address is the
#     maximum limit for the native heap growth. Please use -XX:HeapBaseMinAddress
#     to set the Java Heap base and to place the Java Heap above 4GB virtual address.
# This output file may be truncated or incomplete.
#
#  Out of Memory Error (arena.cpp:189), pid=7772, tid=1332
#
# JRE version: OpenJDK Runtime Environment (17.0.2+8) (build 17.0.2+8-86)
# Java VM: OpenJDK 64-Bit Server VM (17.0.2+8-86, mixed mode, sharing, tiered, compressed oops, compressed class ptrs, g1 gc, windows-amd64)
# No core dump will be written. Minidumps are not enabled by default on client versions of Windows
#

---------------  S U M M A R Y ------------

Command Line: -Xmx64m -Xms64m -Dorg.gradle.appname=gradlew org.gradle.wrapper.GradleWrapperMain app:installDebug -PreactNativeDevServerPort=8081

Host: Intel(R) Core(TM) i3-4010U CPU @ 1.70GHz, 4 cores, 5G,  Windows 10 , 64 bit Build 19041 (10.0.19041.4717)
Time: Thu Aug 29 12:24:34 2024 India Standard Time elapsed time: 1.381416 seconds (0d 0h 0m 1s)

---------------  T H R E A D  ---------------

Current thread (0x000001e99fcf4220):  JavaThread "C2 CompilerThread0" daemon [_thread_in_native, id=1332, stack(0x00000014e8900000,0x00000014e8a00000)]


Current CompileTask:
C2:   1381  758  s!   4       jdk.internal.loader.URLClassPath::getLoader (194 bytes)

Stack: [0x00000014e8900000,0x00000014e8a00000]
Native frames: (J=compiled Java code, j=interpreted, Vv=VM code, C=native code)
V  [jvm.dll+0x670baa]
V  [jvm.dll+0x7cfcb4]
V  [jvm.dll+0x7d145e]
V  [jvm.dll+0x7d1ac3]
V  [jvm.dll+0x242bc5]
V  [jvm.dll+0xaa57b]
V  [jvm.dll+0xaab0c]
V  [jvm.dll+0x35fd07]
V  [jvm.dll+0x1b9b68]
V  [jvm.dll+0x215de9]
V  [jvm.dll+0x2150b1]
V  [jvm.dll+0x1a1bbd]
V  [jvm.dll+0x224908]
V  [jvm.dll+0x222a6c]
V  [jvm.dll+0x7859bb]
V  [jvm.dll+0x77ff7a]
V  [jvm.dll+0x66fa35]
C  [ucrtbase.dll+0x21bb2]
C  [KERNEL32.DLL+0x17374]
C  [ntdll.dll+0x4cc91]


---------------  P R O C E S S  ---------------

Threads class SMR info:
_java_thread_list=0x000001e99fda3750, length=13, elements={
0x000001e986e18bf0, 0x000001e986ee8aa0, 0x000001e986ee9910, 0x000001e99fcedff0,
0x000001e99fcef9b0, 0x000001e99fcf2370, 0x000001e99fcf3540, 0x000001e99fcf4220,
0x000001e99fcf81c0, 0x000001e99fd03be0, 0x000001e9a0871140, 0x000001e9a0895ff0,
0x000001e9a104a3a0
}

Java Threads: ( => current thread )
  0x000001e986e18bf0 JavaThread "main" [_thread_in_vm, id=9020, stack(0x00000014e7c00000,0x00000014e7d00000)]
  0x000001e986ee8aa0 JavaThread "Reference Handler" daemon [_thread_blocked, id=13036, stack(0x00000014e8300000,0x00000014e8400000)]
  0x000001e986ee9910 JavaThread "Finalizer" daemon [_thread_blocked, id=8760, stack(0x00000014e8400000,0x00000014e8500000)]
  0x000001e99fcedff0 JavaThread "Signal Dispatcher" daemon [_thread_blocked, id=2016, stack(0x00000014e8500000,0x00000014e8600000)]
  0x000001e99fcef9b0 JavaThread "Attach Listener" daemon [_thread_blocked, id=6628, stack(0x00000014e8600000,0x00000014e8700000)]
  0x000001e99fcf2370 JavaThread "Service Thread" daemon [_thread_blocked, id=10156, stack(0x00000014e8700000,0x00000014e8800000)]
  0x000001e99fcf3540 JavaThread "Monitor Deflation Thread" daemon [_thread_blocked, id=12024, stack(0x00000014e8800000,0x00000014e8900000)]
=>0x000001e99fcf4220 JavaThread "C2 CompilerThread0" daemon [_thread_in_native, id=1332, stack(0x00000014e8900000,0x00000014e8a00000)]
  0x000001e99fcf81c0 JavaThread "C1 CompilerThread0" daemon [_thread_blocked, id=7836, stack(0x00000014e8a00000,0x00000014e8b00000)]
  0x000001e99fd03be0 JavaThread "Sweeper thread" daemon [_thread_blocked, id=3944, stack(0x00000014e8b00000,0x00000014e8c00000)]
  0x000001e9a0871140 JavaThread "Notification Thread" daemon [_thread_blocked, id=4288, stack(0x00000014e8c00000,0x00000014e8d00000)]
  0x000001e9a0895ff0 JavaThread "Common-Cleaner" daemon [_thread_blocked, id=9904, stack(0x00000014e8e00000,0x00000014e8f00000)]
  0x000001e9a104a3a0 JavaThread "C2 CompilerThread1" daemon [_thread_in_native, id=12616, stack(0x00000014e9200000,0x00000014e9300000)]

Other Threads:
  0x000001e986ee3ea0 VMThread "VM Thread" [stack: 0x00000014e8200000,0x00000014e8300000] [id=13008]
  0x000001e986e8d2f0 WatcherThread [stack: 0x00000014e8d00000,0x00000014e8e00000] [id=6220]
  0x000001e986e3c850 GCTaskThread "GC Thread#0" [stack: 0x00000014e7d00000,0x00000014e7e00000] [id=7960]
  0x000001e9a0bc04a0 GCTaskThread "GC Thread#1" [stack: 0x00000014e8f00000,0x00000014e9000000] [id=4340]
  0x000001e9a0c98570 GCTaskThread "GC Thread#2" [stack: 0x00000014e9000000,0x00000014e9100000] [id=8980]
  0x000001e9a0c7bdf0 GCTaskThread "GC Thread#3" [stack: 0x00000014e9100000,0x00000014e9200000] [id=4672]
  0x000001e986e3df90 ConcurrentGCThread "G1 Main Marker" [stack: 0x00000014e7e00000,0x00000014e7f00000] [id=1468]
  0x000001e986e40150 ConcurrentGCThread "G1 Conc#0" [stack: 0x00000014e7f00000,0x00000014e8000000] [id=4684]
  0x000001e986ec8540 ConcurrentGCThread "G1 Refine#0" [stack: 0x00000014e8000000,0x00000014e8100000] [id=7492]
  0x000001e986ec8f60 ConcurrentGCThread "G1 Service" [stack: 0x00000014e8100000,0x00000014e8200000] [id=2336]

Threads with active compile tasks:
C2 CompilerThread0     1427  758  s!   4       jdk.internal.loader.URLClassPath::getLoader (194 bytes)
C2 CompilerThread1     1427  796   !   4       java.util.zip.ZipFile::getEntry (59 bytes)

VM state: not at safepoint (normal execution)

VM Mutex/Monitor currently owned by a thread:  ([mutex/lock_event])
[0x000001e986e12e90] Metaspace_lock - owner thread: 0x000001e986e18bf0

Heap address: 0x00000000fc000000, size: 64 MB, Compressed Oops mode: 32-bit

CDS archive(s) mapped at: [0x0000000800000000-0x0000000800bc0000-0x0000000800bc0000), size 12320768, SharedBaseAddress: 0x0000000800000000, ArchiveRelocationMode: 0.
Compressed class space mapped at: 0x0000000800c00000-0x0000000840c00000, reserved size: 1073741824
Narrow klass base: 0x0000000800000000, Narrow klass shift: 0, Narrow klass range: 0x100000000

GC Precious Log:
 CPUs: 4 total, 4 available
 Memory: 6024M
 Large Page Support: Disabled
 NUMA Support: Disabled
 Compressed Oops: Enabled (32-bit)
 Heap Region Size: 1M
 Heap Min Capacity: 64M
 Heap Initial Capacity: 64M
 Heap Max Capacity: 64M
 Pre-touch: Disabled
 Parallel Workers: 4
 Concurrent Workers: 1
 Concurrent Refinement Workers: 4
 Periodic GC: Disabled

Heap:
 garbage-first heap   total 65536K, used 15308K [0x00000000fc000000, 0x0000000100000000)
  region size 1024K, 12 young (12288K), 2 survivors (2048K)
 Metaspace       used 3602K, committed 3712K, reserved 1056768K
  class space    used 450K, committed 512K, reserved 1048576K

Heap Regions: E=young(eden), S=young(survivor), O=old, HS=humongous(starts), HC=humongous(continues), CS=collection set, F=free, OA=open archive, CA=closed archive, TAMS=top-at-mark-start (previous, next)
|   0|0x00000000fc000000, 0x00000000fc100000, 0x00000000fc100000|100%|HS|  |TAMS 0x00000000fc000000, 0x00000000fc000000| Complete 
|   1|0x00000000fc100000, 0x00000000fc200000, 0x00000000fc200000|100%|HC|  |TAMS 0x00000000fc100000, 0x00000000fc100000| Complete 
|   2|0x00000000fc200000, 0x00000000fc300000, 0x00000000fc300000|100%|HC|  |TAMS 0x00000000fc200000, 0x00000000fc200000| Complete 
|   3|0x00000000fc300000, 0x00000000fc3f3200, 0x00000000fc400000| 94%| O|  |TAMS 0x00000000fc300000, 0x00000000fc300000| Untracked 
|   4|0x00000000fc400000, 0x00000000fc400000, 0x00000000fc500000|  0%| F|  |TAMS 0x00000000fc400000, 0x00000000fc400000| Untracked 
|   5|0x00000000fc500000, 0x00000000fc500000, 0x00000000fc600000|  0%| F|  |TAMS 0x00000000fc500000, 0x00000000fc500000| Untracked 
|   6|0x00000000fc600000, 0x00000000fc600000, 0x00000000fc700000|  0%| F|  |TAMS 0x00000000fc600000, 0x00000000fc600000| Untracked 
|   7|0x00000000fc700000, 0x00000000fc700000, 0x00000000fc800000|  0%| F|  |TAMS 0x00000000fc700000, 0x00000000fc700000| Untracked 
|   8|0x00000000fc800000, 0x00000000fc800000, 0x00000000fc900000|  0%| F|  |TAMS 0x00000000fc800000, 0x00000000fc800000| Untracked 
|   9|0x00000000fc900000, 0x00000000fc900000, 0x00000000fca00000|  0%| F|  |TAMS 0x00000000fc900000, 0x00000000fc900000| Untracked 
|  10|0x00000000fca00000, 0x00000000fca00000, 0x00000000fcb00000|  0%| F|  |TAMS 0x00000000fca00000, 0x00000000fca00000| Untracked 
|  11|0x00000000fcb00000, 0x00000000fcb00000, 0x00000000fcc00000|  0%| F|  |TAMS 0x00000000fcb00000, 0x00000000fcb00000| Untracked 
|  12|0x00000000fcc00000, 0x00000000fcc00000, 0x00000000fcd00000|  0%| F|  |TAMS 0x00000000fcc00000, 0x00000000fcc00000| Untracked 
|  13|0x00000000fcd00000, 0x00000000fcd00000, 0x00000000fce00000|  0%| F|  |TAMS 0x00000000fcd00000, 0x00000000fcd00000| Untracked 
|  14|0x00000000fce00000, 0x00000000fce00000, 0x00000000fcf00000|  0%| F|  |TAMS 0x00000000fce00000, 0x00000000fce00000| Untracked 
|  15|0x00000000fcf00000, 0x00000000fcf00000, 0x00000000fd000000|  0%| F|  |TAMS 0x00000000fcf00000, 0x00000000fcf00000| Untracked 
|  16|0x00000000fd000000, 0x00000000fd000000, 0x00000000fd100000|  0%| F|  |TAMS 0x00000000fd000000, 0x00000000fd000000| Untracked 
|  17|0x00000000fd100000, 0x00000000fd100000, 0x00000000fd200000|  0%| F|  |TAMS 0x00000000fd100000, 0x00000000fd100000| Untracked 
|  18|0x00000000fd200000, 0x00000000fd200000, 0x00000000fd300000|  0%| F|  |TAMS 0x00000000fd200000, 0x00000000fd200000| Untracked 
|  19|0x00000000fd300000, 0x00000000fd300000, 0x00000000fd400000|  0%| F|  |TAMS 0x00000000fd300000, 0x00000000fd300000| Untracked 
|  20|0x00000000fd400000, 0x00000000fd400000, 0x00000000fd500000|  0%| F|  |TAMS 0x00000000fd400000, 0x00000000fd400000| Untracked 
|  21|0x00000000fd500000, 0x00000000fd500000, 0x00000000fd600000|  0%| F|  |TAMS 0x00000000fd500000, 0x00000000fd500000| Untracked 
|  22|0x00000000fd600000, 0x00000000fd600000, 0x00000000fd700000|  0%| F|  |TAMS 0x00000000fd600000, 0x00000000fd600000| Untracked 
|  23|0x00000000fd700000, 0x00000000fd700000, 0x00000000fd800000|  0%| F|  |TAMS 0x00000000fd700000, 0x00000000fd700000| Untracked 
|  24|0x00000000fd800000, 0x00000000fd800000, 0x00000000fd900000|  0%| F|  |TAMS 0x00000000fd800000, 0x00000000fd800000| Untracked 
|  25|0x00000000fd900000, 0x00000000fd900000, 0x00000000fda00000|  0%| F|  |TAMS 0x00000000fd900000, 0x00000000fd900000| Untracked 
|  26|0x00000000fda00000, 0x00000000fda00000, 0x00000000fdb00000|  0%| F|  |TAMS 0x00000000fda00000, 0x00000000fda00000| Untracked 
|  27|0x00000000fdb00000, 0x00000000fdb00000, 0x00000000fdc00000|  0%| F|  |TAMS 0x00000000fdb00000, 0x00000000fdb00000| Untracked 
|  28|0x00000000fdc00000, 0x00000000fdc00000, 0x00000000fdd00000|  0%| F|  |TAMS 0x00000000fdc00000, 0x00000000fdc00000| Untracked 
|  29|0x00000000fdd00000, 0x00000000fdd00000, 0x00000000fde00000|  0%| F|  |TAMS 0x00000000fdd00000, 0x00000000fdd00000| Untracked 
|  30|0x00000000fde00000, 0x00000000fde00000, 0x00000000fdf00000|  0%| F|  |TAMS 0x00000000fde00000, 0x00000000fde00000| Untracked 
|  31|0x00000000fdf00000, 0x00000000fdf00000, 0x00000000fe000000|  0%| F|  |TAMS 0x00000000fdf00000, 0x00000000fdf00000| Untracked 
|  32|0x00000000fe000000, 0x00000000fe000000, 0x00000000fe100000|  0%| F|  |TAMS 0x00000000fe000000, 0x00000000fe000000| Untracked 
|  33|0x00000000fe100000, 0x00000000fe100000, 0x00000000fe200000|  0%| F|  |TAMS 0x00000000fe100000, 0x00000000fe100000| Untracked 
|  34|0x00000000fe200000, 0x00000000fe200000, 0x00000000fe300000|  0%| F|  |TAMS 0x00000000fe200000, 0x00000000fe200000| Untracked 
|  35|0x00000000fe300000, 0x00000000fe300000, 0x00000000fe400000|  0%| F|  |TAMS 0x00000000fe300000, 0x00000000fe300000| Untracked 
|  36|0x00000000fe400000, 0x00000000fe400000, 0x00000000fe500000|  0%| F|  |TAMS 0x00000000fe400000, 0x00000000fe400000| Untracked 
|  37|0x00000000fe500000, 0x00000000fe500000, 0x00000000fe600000|  0%| F|  |TAMS 0x00000000fe500000, 0x00000000fe500000| Untracked 
|  38|0x00000000fe600000, 0x00000000fe600000, 0x00000000fe700000|  0%| F|  |TAMS 0x00000000fe600000, 0x00000000fe600000| Untracked 
|  39|0x00000000fe700000, 0x00000000fe700000, 0x00000000fe800000|  0%| F|  |TAMS 0x00000000fe700000, 0x00000000fe700000| Untracked 
|  40|0x00000000fe800000, 0x00000000fe800000, 0x00000000fe900000|  0%| F|  |TAMS 0x00000000fe800000, 0x00000000fe800000| Untracked 
|  41|0x00000000fe900000, 0x00000000fe900000, 0x00000000fea00000|  0%| F|  |TAMS 0x00000000fe900000, 0x00000000fe900000| Untracked 
|  42|0x00000000fea00000, 0x00000000fea00000, 0x00000000feb00000|  0%| F|  |TAMS 0x00000000fea00000, 0x00000000fea00000| Untracked 
|  43|0x00000000feb00000, 0x00000000feb00000, 0x00000000fec00000|  0%| F|  |TAMS 0x00000000feb00000, 0x00000000feb00000| Untracked 
|  44|0x00000000fec00000, 0x00000000fec00000, 0x00000000fed00000|  0%| F|  |TAMS 0x00000000fec00000, 0x00000000fec00000| Untracked 
|  45|0x00000000fed00000, 0x00000000fed00000, 0x00000000fee00000|  0%| F|  |TAMS 0x00000000fed00000, 0x00000000fed00000| Untracked 
|  46|0x00000000fee00000, 0x00000000fee00000, 0x00000000fef00000|  0%| F|  |TAMS 0x00000000fee00000, 0x00000000fee00000| Untracked 
|  47|0x00000000fef00000, 0x00000000fef00000, 0x00000000ff000000|  0%| F|  |TAMS 0x00000000fef00000, 0x00000000fef00000| Untracked 
|  48|0x00000000ff000000, 0x00000000ff000000, 0x00000000ff100000|  0%| F|  |TAMS 0x00000000ff000000, 0x00000000ff000000| Untracked 
|  49|0x00000000ff100000, 0x00000000ff200000, 0x00000000ff200000|100%| S|CS|TAMS 0x00000000ff100000, 0x00000000ff100000| Complete 
|  50|0x00000000ff200000, 0x00000000ff300000, 0x00000000ff300000|100%| S|CS|TAMS 0x00000000ff200000, 0x00000000ff200000| Complete 
|  51|0x00000000ff300000, 0x00000000ff300000, 0x00000000ff400000|  0%| F|  |TAMS 0x00000000ff300000, 0x00000000ff300000| Untracked 
|  52|0x00000000ff400000, 0x00000000ff400000, 0x00000000ff500000|  0%| F|  |TAMS 0x00000000ff400000, 0x00000000ff400000| Untracked 
|  53|0x00000000ff500000, 0x00000000ff500000, 0x00000000ff600000|  0%| F|  |TAMS 0x00000000ff500000, 0x00000000ff500000| Untracked 
|  54|0x00000000ff600000, 0x00000000ff6a4780, 0x00000000ff700000| 64%| E|  |TAMS 0x00000000ff600000, 0x00000000ff600000| Complete 
|  55|0x00000000ff700000, 0x00000000ff800000, 0x00000000ff800000|100%| E|CS|TAMS 0x00000000ff700000, 0x00000000ff700000| Complete 
|  56|0x00000000ff800000, 0x00000000ff900000, 0x00000000ff900000|100%| E|CS|TAMS 0x00000000ff800000, 0x00000000ff800000| Complete 
|  57|0x00000000ff900000, 0x00000000ffa00000, 0x00000000ffa00000|100%| E|CS|TAMS 0x00000000ff900000, 0x00000000ff900000| Complete 
|  58|0x00000000ffa00000, 0x00000000ffb00000, 0x00000000ffb00000|100%| E|CS|TAMS 0x00000000ffa00000, 0x00000000ffa00000| Complete 
|  59|0x00000000ffb00000, 0x00000000ffc00000, 0x00000000ffc00000|100%| E|CS|TAMS 0x00000000ffb00000, 0x00000000ffb00000| Complete 
|  60|0x00000000ffc00000, 0x00000000ffd00000, 0x00000000ffd00000|100%| E|CS|TAMS 0x00000000ffc00000, 0x00000000ffc00000| Complete 
|  61|0x00000000ffd00000, 0x00000000ffe00000, 0x00000000ffe00000|100%| E|CS|TAMS 0x00000000ffd00000, 0x00000000ffd00000| Complete 
|  62|0x00000000ffe00000, 0x00000000fff00000, 0x00000000fff00000|100%| E|CS|TAMS 0x00000000ffe00000, 0x00000000ffe00000| Complete 
|  63|0x00000000fff00000, 0x0000000100000000, 0x0000000100000000|100%| E|CS|TAMS 0x00000000fff00000, 0x00000000fff00000| Complete 

Card table byte_map: [0x000001e986c40000,0x000001e986c60000] _byte_map_base: 0x000001e986460000

Marking Bits (Prev, Next): (CMBitMap*) 0x000001e986e3ce60, (CMBitMap*) 0x000001e986e3cea0
 Prev Bits: [0x000001e986c80000, 0x000001e986d80000)
 Next Bits: [0x000001e99d660000, 0x000001e99d760000)

Polling page: 0x000001e984d00000

Metaspace:

Usage:
  Non-class:      3.08 MB used.
      Class:    450.35 KB used.
       Both:      3.52 MB used.

Virtual space:
  Non-class space:        8.00 MB reserved,       3.12 MB ( 39%) committed,  1 nodes.
      Class space:        1.00 GB reserved,     512.00 KB ( <1%) committed,  1 nodes.
             Both:        1.01 GB reserved,       3.62 MB ( <1%) committed. 

Chunk freelists:
   Non-Class:  2.75 MB
       Class:  3.46 MB
        Both:  6.21 MB

MaxMetaspaceSize: unlimited
CompressedClassSpaceSize: 1.00 GB
Initial GC threshold: 21.00 MB
Current GC threshold: 21.00 MB
CDS: on
MetaspaceReclaimPolicy: balanced
 - commit_granule_bytes: 65536.
 - commit_granule_words: 8192.
 - virtual_space_node_default_size: 1048576.
 - enlarge_chunks_in_place: 1.
 - new_chunks_are_fully_committed: 0.
 - uncommit_free_chunks: 1.
 - use_allocation_guard: 0.
 - handle_deallocations: 1.


Internal statistics:

num_allocs_failed_limit: 0.
num_arena_births: 36.
num_arena_deaths: 0.
num_vsnodes_births: 2.
num_vsnodes_deaths: 0.
num_space_committed: 58.
num_space_uncommitted: 0.
num_chunks_returned_to_freelist: 0.
num_chunks_taken_from_freelist: 116.
num_chunk_merges: 0.
num_chunk_splits: 74.
num_chunks_enlarged: 64.
num_purges: 0.
num_inconsistent_stats: 0.

CodeHeap 'non-profiled nmethods': size=120000Kb used=291Kb max_used=291Kb free=119708Kb
 bounds [0x000001e996130000, 0x000001e9963a0000, 0x000001e99d660000]
CodeHeap 'profiled nmethods': size=120000Kb used=1594Kb max_used=1594Kb free=118406Kb
 bounds [0x000001e98ec00000, 0x000001e98ee70000, 0x000001e996130000]
CodeHeap 'non-nmethods': size=5760Kb used=1125Kb max_used=1144Kb free=4634Kb
 bounds [0x000001e98e660000, 0x000001e98e8d0000, 0x000001e98ec00000]
 total_blobs=1230 nmethods=822 adapters=321
 compilation: enabled
              stopped_count=0, restarted_count=0
 full_count=0

Compilation events (20 events):
Event: 1.321 Thread 0x000001e99fcf81c0  790       3       java.security.SecureClassLoader$CodeSourceKey::equals (60 bytes)
Event: 1.322 Thread 0x000001e99fcf81c0 nmethod 790 0x000001e98ed74710 code [0x000001e98ed74900, 0x000001e98ed74f98]
Event: 1.322 Thread 0x000001e99fcf81c0  791       3       java.security.CodeSource::matchCerts (254 bytes)
Event: 1.324 Thread 0x000001e99fcf81c0 nmethod 791 0x000001e98ed75190 code [0x000001e98ed75400, 0x000001e98ed76018]
Event: 1.324 Thread 0x000001e99fcf81c0  792       3       java.util.zip.ZipUtils::CENATX_PERMS (9 bytes)
Event: 1.325 Thread 0x000001e99fcf81c0 nmethod 792 0x000001e98ed76410 code [0x000001e98ed765a0, 0x000001e98ed76758]
Event: 1.326 Thread 0x000001e99fcf81c0  793   !   3       jdk.internal.loader.URLClassPath$JarLoader::getResource (354 bytes)
Event: 1.331 Thread 0x000001e99fcf81c0 nmethod 793 0x000001e98ed76890 code [0x000001e98ed76d20, 0x000001e98ed78df8]
Event: 1.338 Thread 0x000001e99fcf81c0  794       3       java.util.jar.JarFile::maybeInstantiateVerifier (42 bytes)
Event: 1.339 Thread 0x000001e99fcf81c0 nmethod 794 0x000001e98ed7a090 code [0x000001e98ed7a260, 0x000001e98ed7a5d8]
Event: 1.339 Thread 0x000001e99fcf81c0  795       3       java.lang.ClassLoader::getDefinedPackage (36 bytes)
Event: 1.340 Thread 0x000001e99fcf81c0 nmethod 795 0x000001e98ed7a710 code [0x000001e98ed7a900, 0x000001e98ed7ae88]
Event: 1.341 Thread 0x000001e9a104a3a0 

Event: 1.341 Thread 0x000001e9a104a3a0  787   !   4       java.util.jar.JarFile::isMultiRelease (33 bytes)
Event: 1.349 Thread 0x000001e99fcf81c0  797       1       java.lang.reflect.Method::getName (5 bytes)
Event: 1.349 Thread 0x000001e99fcf81c0 nmethod 797 0x000001e996173690 code [0x000001e996173820, 0x000001e9961738f8]
Event: 1.349 Thread 0x000001e99fcf81c0  798       3       java.util.LinkedList::add (7 bytes)
Event: 1.349 Thread 0x000001e99fcf81c0 nmethod 798 0x000001e98ed7b090 code [0x000001e98ed7b220, 0x000001e98ed7b368]
Event: 1.349 Thread 0x000001e99fcf81c0  799       3       java.util.LinkedList$ListItr::hasNext (20 bytes)
Event: 1.350 Thread 0x000001e99fcf81c0 nmethod 799 0x000001e98ed7b410 code [0x000001e98ed7b5a0, 0x000001e98ed7b718]

GC Heap History (2 events):
Event: 0.825 GC heap before
{Heap before GC invocations=0 (full 0):
 garbage-first heap   total 65536K, used 15360K [0x00000000fc000000, 0x0000000100000000)
  region size 1024K, 13 young (13312K), 0 survivors (0K)
 Metaspace       used 1764K, committed 1920K, reserved 1056768K
  class space    used 161K, committed 192K, reserved 1048576K
}
Event: 0.832 GC heap after
{Heap after GC invocations=1 (full 0):
 garbage-first heap   total 65536K, used 3020K [0x00000000fc000000, 0x0000000100000000)
  region size 1024K, 2 young (2048K), 2 survivors (2048K)
 Metaspace       used 1764K, committed 1920K, reserved 1056768K
  class space    used 161K, committed 192K, reserved 1048576K
}

Deoptimization events (20 events):
Event: 1.249 Thread 0x000001e986e18bf0 Uncommon trap: trap_request=0xffffff45 fr.pc=0x000001e99614c9d4 relative=0x00000000000001b4
Event: 1.249 Thread 0x000001e986e18bf0 Uncommon trap: reason=unstable_if action=reinterpret pc=0x000001e99614c9d4 method=java.util.regex.Matcher.reset()Ljava/util/regex/Matcher; @ 47 c2
Event: 1.249 Thread 0x000001e986e18bf0 DEOPT PACKING pc=0x000001e99614c9d4 sp=0x00000014e7cfd420
Event: 1.249 Thread 0x000001e986e18bf0 DEOPT UNPACKING pc=0x000001e98e6b23a3 sp=0x00000014e7cfd3a8 mode 2
Event: 1.249 Thread 0x000001e986e18bf0 Uncommon trap: trap_request=0xffffffde fr.pc=0x000001e99614d46c relative=0x000000000000038c
Event: 1.249 Thread 0x000001e986e18bf0 Uncommon trap: reason=class_check action=maybe_recompile pc=0x000001e99614d46c method=java.util.regex.Matcher.match(II)Z @ 121 c2
Event: 1.249 Thread 0x000001e986e18bf0 DEOPT PACKING pc=0x000001e99614d46c sp=0x00000014e7cfd470
Event: 1.249 Thread 0x000001e986e18bf0 DEOPT UNPACKING pc=0x000001e98e6b23a3 sp=0x00000014e7cfd418 mode 2
Event: 1.249 Thread 0x000001e986e18bf0 Uncommon trap: trap_request=0xffffffde fr.pc=0x000001e99614d46c relative=0x000000000000038c
Event: 1.249 Thread 0x000001e986e18bf0 Uncommon trap: reason=class_check action=maybe_recompile pc=0x000001e99614d46c method=java.util.regex.Matcher.match(II)Z @ 121 c2
Event: 1.249 Thread 0x000001e986e18bf0 DEOPT PACKING pc=0x000001e99614d46c sp=0x00000014e7cfd470
Event: 1.249 Thread 0x000001e986e18bf0 DEOPT UNPACKING pc=0x000001e98e6b23a3 sp=0x00000014e7cfd418 mode 2
Event: 1.250 Thread 0x000001e986e18bf0 Uncommon trap: trap_request=0xffffffde fr.pc=0x000001e99614d46c relative=0x000000000000038c
Event: 1.250 Thread 0x000001e986e18bf0 Uncommon trap: reason=class_check action=maybe_recompile pc=0x000001e99614d46c method=java.util.regex.Matcher.match(II)Z @ 121 c2
Event: 1.250 Thread 0x000001e986e18bf0 DEOPT PACKING pc=0x000001e99614d46c sp=0x00000014e7cfd2f0
Event: 1.250 Thread 0x000001e986e18bf0 DEOPT UNPACKING pc=0x000001e98e6b23a3 sp=0x00000014e7cfd298 mode 2
Event: 1.250 Thread 0x000001e986e18bf0 Uncommon trap: trap_request=0xffffffde fr.pc=0x000001e99614d46c relative=0x000000000000038c
Event: 1.250 Thread 0x000001e986e18bf0 Uncommon trap: reason=class_check action=maybe_recompile pc=0x000001e99614d46c method=java.util.regex.Matcher.match(II)Z @ 121 c2
Event: 1.250 Thread 0x000001e986e18bf0 DEOPT PACKING pc=0x000001e99614d46c sp=0x00000014e7cfd2f0
Event: 1.250 Thread 0x000001e986e18bf0 DEOPT UNPACKING pc=0x000001e98e6b23a3 sp=0x00000014e7cfd298 mode 2

Classes unloaded (0 events):
No events

Classes redefined (0 events):
No events

Internal exceptions (3 events):
Event: 0.303 Thread 0x000001e986e18bf0 Exception <a 'java/lang/NoSuchMethodError'{0x00000000ffc4e158}: 'int java.lang.invoke.DirectMethodHandle$Holder.invokeStaticInit(java.lang.Object, java.lang.Object)'> (0x00000000ffc4e158) 
thrown [t:\workspace\open\src\hotspot\share\interpreter\linkResolver.cpp, line 766]
Event: 1.257 Thread 0x000001e986e18bf0 Exception <a 'java/lang/NoSuchMethodError'{0x00000000ff70fa10}: 'void java.lang.invoke.DirectMethodHandle$Holder.invokeStatic(java.lang.Object, java.lang.Object)'> (0x00000000ff70fa10) 
thrown [t:\workspace\open\src\hotspot\share\interpreter\linkResolver.cpp, line 766]
Event: 1.321 Thread 0x000001e986e18bf0 Exception <a 'java/lang/NoClassDefFoundError'{0x00000000ff78f7c0}: org/slf4j/impl/StaticMarkerBinder> (0x00000000ff78f7c0) 
thrown [t:\workspace\open\src\hotspot\share\classfile\systemDictionary.cpp, line 245]

VM Operations (8 events):
Event: 0.115 Executing VM operation: HandshakeAllThreads
Event: 0.115 Executing VM operation: HandshakeAllThreads done
Event: 0.825 Executing VM operation: G1CollectForAllocation
Event: 0.832 Executing VM operation: G1CollectForAllocation done
Event: 1.089 Executing VM operation: HandshakeAllThreads
Event: 1.089 Executing VM operation: HandshakeAllThreads done
Event: 1.312 Executing VM operation: HandshakeAllThreads
Event: 1.312 Executing VM operation: HandshakeAllThreads done

Events (20 events):
Event: 1.310 loading class java/net/URLClassLoader$2
Event: 1.310 loading class java/net/URLClassLoader$2 done
Event: 1.310 loading class sun/net/www/protocol/jar/JarURLConnection
Event: 1.311 loading class java/net/JarURLConnection
Event: 1.311 loading class java/net/JarURLConnection done
Event: 1.311 loading class sun/net/www/protocol/jar/JarURLConnection done
Event: 1.311 loading class sun/net/www/protocol/jar/JarFileFactory
Event: 1.311 loading class sun/net/www/protocol/jar/URLJarFile$URLJarFileCloseController
Event: 1.311 loading class sun/net/www/protocol/jar/URLJarFile$URLJarFileCloseController done
Event: 1.311 loading class sun/net/www/protocol/jar/JarFileFactory done
Event: 1.312 loading class sun/net/www/protocol/jar/URLJarFile
Event: 1.312 loading class sun/net/www/protocol/jar/URLJarFile done
Event: 1.313 loading class sun/net/www/protocol/jar/URLJarFile$URLJarFileEntry
Event: 1.313 loading class sun/net/www/protocol/jar/URLJarFile$URLJarFileEntry done
Event: 1.313 loading class sun/net/www/protocol/jar/JarURLConnection$JarURLInputStream
Event: 1.313 loading class sun/net/www/protocol/jar/JarURLConnection$JarURLInputStream done
Event: 1.316 loading class java/util/Formatter$FixedString
Event: 1.317 loading class java/util/Formatter$FixedString done
Event: 1.340 loading class java/net/UnknownHostException
Event: 1.341 loading class java/net/UnknownHostException done


Dynamic libraries:
0x00007ff792dd0000 - 0x00007ff792dde000 	C:\Program Files\Microsoft\jdk-17.0.2\bin\java.exe
0x00007ffb02550000 - 0x00007ffb02748000 	C:\Windows\SYSTEM32\ntdll.dll
0x00007ffb01db0000 - 0x00007ffb01e71000 	C:\Windows\System32\KERNEL32.DLL
0x00007ffaffc00000 - 0x00007ffaffefd000 	C:\Windows\System32\KERNELBASE.dll
0x00007ffb00430000 - 0x00007ffb00530000 	C:\Windows\System32\ucrtbase.dll
0x00007ffaea240000 - 0x00007ffaea258000 	C:\Program Files\Microsoft\jdk-17.0.2\bin\jli.dll
0x00007ffb02370000 - 0x00007ffb0250d000 	C:\Windows\System32\USER32.dll
0x00007ffafffb0000 - 0x00007ffafffd2000 	C:\Windows\System32\win32u.dll
0x00007ffb00f70000 - 0x00007ffb00f9b000 	C:\Windows\System32\GDI32.dll
0x00007ffb002e0000 - 0x00007ffb003f7000 	C:\Windows\System32\gdi32full.dll
0x00007ffb00240000 - 0x00007ffb002dd000 	C:\Windows\System32\msvcp_win.dll
0x00007ffaee920000 - 0x00007ffaee93a000 	C:\Program Files\Microsoft\jdk-17.0.2\bin\VCRUNTIME140.dll
0x00007ffaf4c20000 - 0x00007ffaf4eba000 	C:\Windows\WinSxS\amd64_microsoft.windows.common-controls_6595b64144ccf1df_6.0.19041.4355_none_60b8b9eb71f62e16\COMCTL32.dll
0x00007ffb00880000 - 0x00007ffb0091e000 	C:\Windows\System32\msvcrt.dll
0x00007ffb00f40000 - 0x00007ffb00f6f000 	C:\Windows\System32\IMM32.DLL
0x00007ffaf39b0000 - 0x00007ffaf39bc000 	C:\Program Files\Microsoft\jdk-17.0.2\bin\vcruntime140_1.dll
0x00007ffab7040000 - 0x00007ffab70cd000 	C:\Program Files\Microsoft\jdk-17.0.2\bin\msvcp140.dll
0x00007ffaa4d70000 - 0x00007ffaa5931000 	C:\Program Files\Microsoft\jdk-17.0.2\bin\server\jvm.dll
0x00007ffb007b0000 - 0x00007ffb00860000 	C:\Windows\System32\ADVAPI32.dll
0x00007ffb01f60000 - 0x00007ffb02000000 	C:\Windows\System32\sechost.dll
0x00007ffb02010000 - 0x00007ffb02133000 	C:\Windows\System32\RPCRT4.dll
0x00007ffb00400000 - 0x00007ffb00427000 	C:\Windows\System32\bcrypt.dll
0x00007ffb01070000 - 0x00007ffb01078000 	C:\Windows\System32\PSAPI.DLL
0x00007ffaf2cb0000 - 0x00007ffaf2cb9000 	C:\Windows\SYSTEM32\WSOCK32.dll
0x00007ffaf5880000 - 0x00007ffaf58a7000 	C:\Windows\SYSTEM32\WINMM.dll
0x00007ffb01080000 - 0x00007ffb010eb000 	C:\Windows\System32\WS2_32.dll
0x00007ffaf5b10000 - 0x00007ffaf5b1a000 	C:\Windows\SYSTEM32\VERSION.dll
0x00007ffafd9a0000 - 0x00007ffafd9b2000 	C:\Windows\SYSTEM32\kernel.appcore.dll
0x00007ffae8c30000 - 0x00007ffae8c3a000 	C:\Program Files\Microsoft\jdk-17.0.2\bin\jimage.dll
0x00007ffaf6cc0000 - 0x00007ffaf6ea4000 	C:\Windows\SYSTEM32\DBGHELP.DLL
0x00007ffaf6b20000 - 0x00007ffaf6b54000 	C:\Windows\SYSTEM32\dbgcore.DLL
0x00007ffafffe0000 - 0x00007ffb00062000 	C:\Windows\System32\bcryptPrimitives.dll
0x00007ffae0dc0000 - 0x00007ffae0de5000 	C:\Program Files\Microsoft\jdk-17.0.2\bin\java.dll
0x00007ffab74a0000 - 0x00007ffab7576000 	C:\Program Files\Microsoft\jdk-17.0.2\bin\jsvml.dll
0x00007ffb01150000 - 0x00007ffb018bf000 	C:\Windows\System32\SHELL32.dll
0x00007ffafdc80000 - 0x00007ffafe41f000 	C:\Windows\SYSTEM32\windows.storage.dll
0x00007ffb01a50000 - 0x00007ffb01da3000 	C:\Windows\System32\combase.dll
0x00007ffaff620000 - 0x00007ffaff64e000 	C:\Windows\SYSTEM32\Wldp.dll
0x00007ffb00fa0000 - 0x00007ffb0106d000 	C:\Windows\System32\OLEAUT32.dll
0x00007ffb02140000 - 0x00007ffb021ed000 	C:\Windows\System32\SHCORE.dll
0x00007ffb018c0000 - 0x00007ffb01915000 	C:\Windows\System32\shlwapi.dll
0x00007ffaffb30000 - 0x00007ffaffb54000 	C:\Windows\SYSTEM32\profapi.dll
0x00007ffae0950000 - 0x00007ffae0969000 	C:\Program Files\Microsoft\jdk-17.0.2\bin\net.dll
0x00007ffaf6b90000 - 0x00007ffaf6c9d000 	C:\Windows\SYSTEM32\WINHTTP.dll
0x00007ffaff380000 - 0x00007ffaff3ea000 	C:\Windows\system32\mswsock.dll
0x00007ffade6f0000 - 0x00007ffade706000 	C:\Program Files\Microsoft\jdk-17.0.2\bin\nio.dll
0x00007ffae20c0000 - 0x00007ffae20d8000 	C:\Program Files\Microsoft\jdk-17.0.2\bin\zip.dll
0x00007ffaf3980000 - 0x00007ffaf3990000 	C:\Program Files\Microsoft\jdk-17.0.2\bin\verify.dll

dbghelp: loaded successfully - version: 4.0.5 - missing functions: none
symbol engine: initialized successfully - sym options: 0x614 - pdb path: .;C:\Program Files\Microsoft\jdk-17.0.2\bin;C:\Windows\SYSTEM32;C:\Windows\WinSxS\amd64_microsoft.windows.common-controls_6595b64144ccf1df_6.0.19041.4355_none_60b8b9eb71f62e16;C:\Program Files\Microsoft\jdk-17.0.2\bin\server

VM Arguments:
jvm_args: -Xmx64m -Xms64m -Dorg.gradle.appname=gradlew 
java_command: org.gradle.wrapper.GradleWrapperMain app:installDebug -PreactNativeDevServerPort=8081
java_class_path (initial): C:\Users\aanan\Downloads\ec\ecommerce\android\\gradle\wrapper\gradle-wrapper.jar
Launcher Type: SUN_STANDARD

[Global flags]
     intx CICompilerCount                          = 3                                         {product} {ergonomic}
     uint ConcGCThreads                            = 1                                         {product} {ergonomic}
     uint G1ConcRefinementThreads                  = 4                                         {product} {ergonomic}
   size_t G1HeapRegionSize                         = 1048576                                   {product} {ergonomic}
    uintx GCDrainStackTargetSize                   = 64                                        {product} {ergonomic}
   size_t InitialHeapSize                          = 67108864                                  {product} {command line}
   size_t MarkStackSize                            = 4194304                                   {product} {ergonomic}
   size_t MaxHeapSize                              = 67108864                                  {product} {command line}
   size_t MaxNewSize                               = 39845888                                  {product} {ergonomic}
   size_t MinHeapDeltaBytes                        = 1048576                                   {product} {ergonomic}
   size_t MinHeapSize                              = 67108864                                  {product} {command line}
    uintx NonNMethodCodeHeapSize                   = 5832780                                {pd product} {ergonomic}
    uintx NonProfiledCodeHeapSize                  = 122912730                              {pd product} {ergonomic}
    uintx ProfiledCodeHeapSize                     = 122912730                              {pd product} {ergonomic}
    uintx ReservedCodeCacheSize                    = 251658240                              {pd product} {ergonomic}
     bool SegmentedCodeCache                       = true                                      {product} {ergonomic}
   size_t SoftMaxHeapSize                          = 67108864                               {manageable} {ergonomic}
     bool UseCompressedClassPointers               = true                           {product lp64_product} {ergonomic}
     bool UseCompressedOops                        = true                           {product lp64_product} {ergonomic}
     bool UseG1GC                                  = true                                      {product} {ergonomic}
     bool UseLargePagesIndividualAllocation        = false                                  {pd product} {ergonomic}

Logging:
Log output configuration:
 #0: stdout all=warning uptime,level,tags
 #1: stderr all=off uptime,level,tags

Environment Variables:
JAVA_HOME=C:\Program Files\Microsoft\jdk-17.0.2
CLASSPATH=C:\Users\aanan\Downloads\ec\ecommerce\android\\gradle\wrapper\gradle-wrapper.jar
PATH=C:\Users\aanan\Downloads\ec\ecommerce\android\node_modules\.bin;C:\Users\aanan\Downloads\ec\ecommerce\node_modules\.bin;C:\Users\aanan\Downloads\ec\node_modules\.bin;C:\Users\aanan\Downloads\node_modules\.bin;C:\Users\aanan\node_modules\.bin;C:\Users\node_modules\.bin;C:\node_modules\.bin;C:\Program Files\nodejs;C:\Users\aanan\Downloads\ec\ecommerce\node_modules\.bin;C:\Users\aanan\Downloads\ec\node_modules\.bin;C:\Users\aanan\Downloads\node_modules\.bin;C:\Users\aanan\node_modules\.bin;C:\Users\node_modules\.bin;C:\node_modules\.bin;C:\Users\aanan\AppData\Roaming\nvm\v20.11.1\node_modules\npm\node_modules\@npmcli\run-script\lib\node-gyp-bin;C:\Program Files (x86)\Intel\iCLS Client\;C:\Program Files\Intel\iCLS Client\;C:\Windows\system32;C:\Windows;C:\Windows\System32\Wbem;C:\Windows\System32\WindowsPowerShell\v1.0\;C:\Windows\System32\OpenSSH\;C:\Program Files\dotnet\;C:\Program Files\Intel\Intel(R) Management Engine Components\DAL;C:\Program Files\Intel\Intel(R) Management Engine Components\IPT;C:\Program Files (x86)\Intel\Intel(R) Management Engine Components\DAL;C:\Program Files (x86)\Intel\Intel(R) Management Engine Components\IPT;C:\ProgramData\chocolatey\bin;C:\Users\aanan\AppData\Local\Android\Sdk\platform-tools;C:\Program Files\Git\cmd;C:\Program Files\Git\mingw64\bin;C:\Program Files\Git\usr\bin;C:\Program Files\Microsoft\jdk-17.0.2\bin;%NVM_HOME%;%NVM_SYMLINK%;C:\Users\aanan\AppData\Local\Microsoft\WindowsApps;C:\Users\aanan\AppData\Local\Programs\Microsoft VS Code\bin;C:\Users\aanan\AppData\Roaming\npm;C:\Users\aanan\AppData\Roaming\nvm;C:\Program Files\nodejs
USERNAME=Devendra
OS=Windows_NT
PROCESSOR_IDENTIFIER=Intel64 Family 6 Model 69 Stepping 1, GenuineIntel



---------------  S Y S T E M  ---------------

OS:
 Windows 10 , 64 bit Build 19041 (10.0.19041.4717)
OS uptime: 7 days 14:10 hours

CPU: total 4 (initial active 4) (2 cores per cpu, 2 threads per core) family 6 model 69 stepping 1 microcode 0x25, cx8, cmov, fxsr, ht, mmx, sse, sse2, sse3, ssse3, sse4.1, sse4.2, popcnt, lzcnt, tsc, tscinvbit, avx, avx2, aes, erms, clmul, bmi1, bmi2, fma, vzeroupper, clflush

Memory: 4k page, system-wide physical 6024M (434M free)
TotalPageFile size 8072M (AvailPageFile size 1M)
current process WorkingSet (physical memory assigned to process): 68M, peak: 68M
current process commit charge ("private bytes"): 152M, peak: 152M

vm_info: OpenJDK 64-Bit Server VM (17.0.2+8-86) for windows-amd64 JRE (17.0.2+8-86), built on Dec  7 2021 21:49:10 by "mach5one" with MS VC++ 16.8 / 16.9 (VS2019)

END.
