#
# There is insufficient memory for the Java Runtime Environment to continue.
# Native memory allocation (malloc) failed to allocate 32744 bytes for ChunkPool::allocate
# Possible reasons:
#   The system is out of physical RAM or swap space
#   The process is running with CompressedOops enabled, and the Java Heap may be blocking the growth of the native heap
# Possible solutions:
#   Reduce memory load on the system
#   Increase physical memory or swap space
#   Check if swap backing store is full
#   Decrease Java heap size (-Xmx/-Xms)
#   Decrease number of Java threads
#   Decrease Java thread stack sizes (-Xss)
#   Set larger code cache with -XX:ReservedCodeCacheSize=
#   JVM is running with Unscaled Compressed Oops mode in which the Java heap is
#     placed in the first 4GB address space. The Java Heap base address is the
#     maximum limit for the native heap growth. Please use -XX:HeapBaseMinAddress
#     to set the Java Heap base and to place the Java Heap above 4GB virtual address.
# This output file may be truncated or incomplete.
#
#  Out of Memory Error (arena.cpp:81), pid=11760, tid=9980
#
# JRE version: OpenJDK Runtime Environment Microsoft-8035250 (11.0.20+8) (build 11.0.20+8-LTS)
# Java VM: OpenJDK 64-Bit Server VM Microsoft-8035250 (11.0.20+8-LTS, mixed mode, tiered, compressed oops, g1 gc, windows-amd64)
# No core dump will be written. Minidumps are not enabled by default on client versions of Windows
#

---------------  S U M M A R Y ------------

Command Line: -Xmx64m -Xms64m -Dorg.gradle.appname=gradlew org.gradle.wrapper.GradleWrapperMain assembleRelease

Host: Intel(R) Core(TM) i3-4010U CPU @ 1.70GHz, 4 cores, 5G,  Windows 10 , 64 bit Build 19041 (10.0.19041.3636)
Time: Sun Feb 18 13:21:19 2024 India Standard Time elapsed time: 81.334149 seconds (0d 0h 1m 21s)

---------------  T H R E A D  ---------------

Current thread (0x0000023cd2bd6000):  JavaThread "C1 CompilerThread0" daemon [_thread_in_native, id=9980, stack(0x000000d839600000,0x000000d839700000)]


Current CompileTask:
C1:  81334 1569       3       org.gradle.internal.logging.console.ProgressBar::formatProgress (308 bytes)

Stack: [0x000000d839600000,0x000000d839700000]
Native frames: (J=compiled Java code, j=interpreted, Vv=VM code, C=native code)
V  [jvm.dll+0x62e9da]
V  [jvm.dll+0x7bc4e9]
V  [jvm.dll+0x7bdbd8]
V  [jvm.dll+0x7be2b3]
V  [jvm.dll+0x2505a8]
V  [jvm.dll+0xc289b]
V  [jvm.dll+0xc2bfc]
V  [jvm.dll+0x167d60]
V  [jvm.dll+0x15687e]
V  [jvm.dll+0x142d30]
V  [jvm.dll+0x12b129]
V  [jvm.dll+0x12aa2f]
V  [jvm.dll+0x12ac5f]
V  [jvm.dll+0x129f04]
V  [jvm.dll+0x12be17]
V  [jvm.dll+0x2181ec]
V  [jvm.dll+0x21642b]
V  [jvm.dll+0x77efc0]
V  [jvm.dll+0x777db4]
V  [jvm.dll+0x62d845]
C  [ucrtbase.dll+0x21bb2]
C  [KERNEL32.DLL+0x17344]
C  [ntdll.dll+0x526b1]


---------------  P R O C E S S  ---------------

Threads class SMR info:
_java_thread_list=0x0000023cd3b188f0, length=13, elements={
0x0000023cb64ba000, 0x0000023cd2b63800, 0x0000023cd2b6c800, 0x0000023cd2bc5800,
0x0000023cd2bc8000, 0x0000023cd2bc9800, 0x0000023cd2bcf000, 0x0000023cd2bd6000,
0x0000023cd2bd8800, 0x0000023cd2e49800, 0x0000023cd37b6000, 0x0000023cd3859000,
0x0000023cd37cc800
}

Java Threads: ( => current thread )
  0x0000023cb64ba000 JavaThread "main" [_thread_in_native, id=10644, stack(0x000000d838900000,0x000000d838a00000)]
  0x0000023cd2b63800 JavaThread "Reference Handler" daemon [_thread_blocked, id=11084, stack(0x000000d839000000,0x000000d839100000)]
  0x0000023cd2b6c800 JavaThread "Finalizer" daemon [_thread_blocked, id=10136, stack(0x000000d839100000,0x000000d839200000)]
  0x0000023cd2bc5800 JavaThread "Signal Dispatcher" daemon [_thread_blocked, id=7952, stack(0x000000d839200000,0x000000d839300000)]
  0x0000023cd2bc8000 JavaThread "Attach Listener" daemon [_thread_blocked, id=3816, stack(0x000000d839300000,0x000000d839400000)]
  0x0000023cd2bc9800 JavaThread "Service Thread" daemon [_thread_blocked, id=3504, stack(0x000000d839400000,0x000000d839500000)]
  0x0000023cd2bcf000 JavaThread "C2 CompilerThread0" daemon [_thread_blocked, id=12180, stack(0x000000d839500000,0x000000d839600000)]
=>0x0000023cd2bd6000 JavaThread "C1 CompilerThread0" daemon [_thread_in_native, id=9980, stack(0x000000d839600000,0x000000d839700000)]
  0x0000023cd2bd8800 JavaThread "Sweeper thread" daemon [_thread_blocked, id=11836, stack(0x000000d839700000,0x000000d839800000)]
  0x0000023cd2e49800 JavaThread "Common-Cleaner" daemon [_thread_blocked, id=11316, stack(0x000000d839900000,0x000000d839a00000)]
  0x0000023cd37b6000 JavaThread "pool-1-thread-1" [_thread_in_native, id=11388, stack(0x000000d839c00000,0x000000d839d00000)]
  0x0000023cd3859000 JavaThread "DisconnectableInputStream source reader" daemon [_thread_in_native, id=6852, stack(0x000000d839d00000,0x000000d839e00000)]
  0x0000023cd37cc800 JavaThread "Forward input" [_thread_blocked, id=4548, stack(0x000000d839e00000,0x000000d839f00000)]

Other Threads:
  0x0000023cb862e800 VMThread "VM Thread" [stack: 0x000000d838f00000,0x000000d839000000] [id=1708]
  0x0000023cd2e3d000 WatcherThread [stack: 0x000000d839800000,0x000000d839900000] [id=11296]
  0x0000023cb856a000 GCTaskThread "GC Thread#0" [stack: 0x000000d838a00000,0x000000d838b00000] [id=1092]
  0x0000023cd2e42000 GCTaskThread "GC Thread#1" [stack: 0x000000d839b00000,0x000000d839c00000] [id=2168]
  0x0000023cb8570800 ConcurrentGCThread "G1 Main Marker" [stack: 0x000000d838b00000,0x000000d838c00000] [id=10908]
  0x0000023cb8573000 ConcurrentGCThread "G1 Conc#0" [stack: 0x000000d838c00000,0x000000d838d00000] [id=6596]
  0x0000023cb85c7000 ConcurrentGCThread "G1 Refine#0" [stack: 0x000000d838d00000,0x000000d838e00000] [id=1516]
  0x0000023cb85c8000 ConcurrentGCThread "G1 Young RemSet Sampling" [stack: 0x000000d838e00000,0x000000d838f00000] [id=3784]

Threads with active compile tasks:
C1 CompilerThread0    81384 1569       3       org.gradle.internal.logging.console.ProgressBar::formatProgress (308 bytes)

VM state:not at safepoint (normal execution)

VM Mutex/Monitor currently owned by a thread: None

Heap address: 0x00000000fc000000, size: 64 MB, Compressed Oops mode: 32-bit
Narrow klass base: 0x0000000000000000, Narrow klass shift: 3
Compressed class space size: 1073741824 Address: 0x0000000100000000

Heap:
 garbage-first heap   total 65536K, used 38478K [0x00000000fc000000, 0x0000000100000000)
  region size 1024K, 34 young (34816K), 2 survivors (2048K)
 Metaspace       used 16265K, capacity 16597K, committed 16896K, reserved 1064960K
  class space    used 1829K, capacity 1943K, committed 2048K, reserved 1048576K
Heap Regions: E=young(eden), S=young(survivor), O=old, HS=humongous(starts), HC=humongous(continues), CS=collection set, F=free, A=archive, TAMS=top-at-mark-start (previous, next)
|   0|0x00000000fc000000, 0x00000000fc100000, 0x00000000fc100000|100%|HS|  |TAMS 0x00000000fc000000, 0x00000000fc000000| Complete 
|   1|0x00000000fc100000, 0x00000000fc200000, 0x00000000fc200000|100%|HC|  |TAMS 0x00000000fc100000, 0x00000000fc100000| Complete 
|   2|0x00000000fc200000, 0x00000000fc300000, 0x00000000fc300000|100%|HC|  |TAMS 0x00000000fc200000, 0x00000000fc200000| Complete 
|   3|0x00000000fc300000, 0x00000000fc400000, 0x00000000fc400000|100%| O|  |TAMS 0x00000000fc300000, 0x00000000fc300000| Untracked 
|   4|0x00000000fc400000, 0x00000000fc493a00, 0x00000000fc500000| 57%| O|  |TAMS 0x00000000fc400000, 0x00000000fc400000| Untracked 
|   5|0x00000000fc500000, 0x00000000fc500000, 0x00000000fc600000|  0%| F|  |TAMS 0x00000000fc500000, 0x00000000fc500000| Untracked 
|   6|0x00000000fc600000, 0x00000000fc600000, 0x00000000fc700000|  0%| F|  |TAMS 0x00000000fc600000, 0x00000000fc600000| Untracked 
|   7|0x00000000fc700000, 0x00000000fc700000, 0x00000000fc800000|  0%| F|  |TAMS 0x00000000fc700000, 0x00000000fc700000| Untracked 
|   8|0x00000000fc800000, 0x00000000fc800000, 0x00000000fc900000|  0%| F|  |TAMS 0x00000000fc800000, 0x00000000fc800000| Untracked 
|   9|0x00000000fc900000, 0x00000000fc900000, 0x00000000fca00000|  0%| F|  |TAMS 0x00000000fc900000, 0x00000000fc900000| Untracked 
|  10|0x00000000fca00000, 0x00000000fca00000, 0x00000000fcb00000|  0%| F|  |TAMS 0x00000000fca00000, 0x00000000fca00000| Untracked 
|  11|0x00000000fcb00000, 0x00000000fcb00000, 0x00000000fcc00000|  0%| F|  |TAMS 0x00000000fcb00000, 0x00000000fcb00000| Untracked 
|  12|0x00000000fcc00000, 0x00000000fcc00000, 0x00000000fcd00000|  0%| F|  |TAMS 0x00000000fcc00000, 0x00000000fcc00000| Untracked 
|  13|0x00000000fcd00000, 0x00000000fcd00000, 0x00000000fce00000|  0%| F|  |TAMS 0x00000000fcd00000, 0x00000000fcd00000| Untracked 
|  14|0x00000000fce00000, 0x00000000fce00000, 0x00000000fcf00000|  0%| F|  |TAMS 0x00000000fce00000, 0x00000000fce00000| Untracked 
|  15|0x00000000fcf00000, 0x00000000fcf00000, 0x00000000fd000000|  0%| F|  |TAMS 0x00000000fcf00000, 0x00000000fcf00000| Untracked 
|  16|0x00000000fd000000, 0x00000000fd000000, 0x00000000fd100000|  0%| F|  |TAMS 0x00000000fd000000, 0x00000000fd000000| Untracked 
|  17|0x00000000fd100000, 0x00000000fd100000, 0x00000000fd200000|  0%| F|  |TAMS 0x00000000fd100000, 0x00000000fd100000| Untracked 
|  18|0x00000000fd200000, 0x00000000fd200000, 0x00000000fd300000|  0%| F|  |TAMS 0x00000000fd200000, 0x00000000fd200000| Untracked 
|  19|0x00000000fd300000, 0x00000000fd300000, 0x00000000fd400000|  0%| F|  |TAMS 0x00000000fd300000, 0x00000000fd300000| Untracked 
|  20|0x00000000fd400000, 0x00000000fd400000, 0x00000000fd500000|  0%| F|  |TAMS 0x00000000fd400000, 0x00000000fd400000| Untracked 
|  21|0x00000000fd500000, 0x00000000fd500000, 0x00000000fd600000|  0%| F|  |TAMS 0x00000000fd500000, 0x00000000fd500000| Untracked 
|  22|0x00000000fd600000, 0x00000000fd600000, 0x00000000fd700000|  0%| F|  |TAMS 0x00000000fd600000, 0x00000000fd600000| Untracked 
|  23|0x00000000fd700000, 0x00000000fd700000, 0x00000000fd800000|  0%| F|  |TAMS 0x00000000fd700000, 0x00000000fd700000| Untracked 
|  24|0x00000000fd800000, 0x00000000fd800000, 0x00000000fd900000|  0%| F|  |TAMS 0x00000000fd800000, 0x00000000fd800000| Untracked 
|  25|0x00000000fd900000, 0x00000000fd900000, 0x00000000fda00000|  0%| F|  |TAMS 0x00000000fd900000, 0x00000000fd900000| Untracked 
|  26|0x00000000fda00000, 0x00000000fda00000, 0x00000000fdb00000|  0%| F|  |TAMS 0x00000000fda00000, 0x00000000fda00000| Untracked 
|  27|0x00000000fdb00000, 0x00000000fdb00000, 0x00000000fdc00000|  0%| F|  |TAMS 0x00000000fdb00000, 0x00000000fdb00000| Untracked 
|  28|0x00000000fdc00000, 0x00000000fdc00000, 0x00000000fdd00000|  0%| F|  |TAMS 0x00000000fdc00000, 0x00000000fdc00000| Untracked 
|  29|0x00000000fdd00000, 0x00000000fdd00000, 0x00000000fde00000|  0%| F|  |TAMS 0x00000000fdd00000, 0x00000000fdd00000| Untracked 
|  30|0x00000000fde00000, 0x00000000fdeb8d40, 0x00000000fdf00000| 72%| E|  |TAMS 0x00000000fde00000, 0x00000000fde00000| Complete 
|  31|0x00000000fdf00000, 0x00000000fe000000, 0x00000000fe000000|100%| E|CS|TAMS 0x00000000fdf00000, 0x00000000fdf00000| Complete 
|  32|0x00000000fe000000, 0x00000000fe100000, 0x00000000fe100000|100%| E|CS|TAMS 0x00000000fe000000, 0x00000000fe000000| Complete 
|  33|0x00000000fe100000, 0x00000000fe200000, 0x00000000fe200000|100%| E|CS|TAMS 0x00000000fe100000, 0x00000000fe100000| Complete 
|  34|0x00000000fe200000, 0x00000000fe300000, 0x00000000fe300000|100%| E|CS|TAMS 0x00000000fe200000, 0x00000000fe200000| Complete 
|  35|0x00000000fe300000, 0x00000000fe400000, 0x00000000fe400000|100%| E|CS|TAMS 0x00000000fe300000, 0x00000000fe300000| Complete 
|  36|0x00000000fe400000, 0x00000000fe500000, 0x00000000fe500000|100%| E|CS|TAMS 0x00000000fe400000, 0x00000000fe400000| Complete 
|  37|0x00000000fe500000, 0x00000000fe600000, 0x00000000fe600000|100%| E|CS|TAMS 0x00000000fe500000, 0x00000000fe500000| Complete 
|  38|0x00000000fe600000, 0x00000000fe700000, 0x00000000fe700000|100%| E|CS|TAMS 0x00000000fe600000, 0x00000000fe600000| Complete 
|  39|0x00000000fe700000, 0x00000000fe800000, 0x00000000fe800000|100%| E|CS|TAMS 0x00000000fe700000, 0x00000000fe700000| Complete 
|  40|0x00000000fe800000, 0x00000000fe900000, 0x00000000fe900000|100%| E|CS|TAMS 0x00000000fe800000, 0x00000000fe800000| Complete 
|  41|0x00000000fe900000, 0x00000000fea00000, 0x00000000fea00000|100%| E|CS|TAMS 0x00000000fe900000, 0x00000000fe900000| Complete 
|  42|0x00000000fea00000, 0x00000000feb00000, 0x00000000feb00000|100%| E|CS|TAMS 0x00000000fea00000, 0x00000000fea00000| Complete 
|  43|0x00000000feb00000, 0x00000000fec00000, 0x00000000fec00000|100%| E|CS|TAMS 0x00000000feb00000, 0x00000000feb00000| Complete 
|  44|0x00000000fec00000, 0x00000000fed00000, 0x00000000fed00000|100%| E|CS|TAMS 0x00000000fec00000, 0x00000000fec00000| Complete 
|  45|0x00000000fed00000, 0x00000000fee00000, 0x00000000fee00000|100%| E|CS|TAMS 0x00000000fed00000, 0x00000000fed00000| Complete 
|  46|0x00000000fee00000, 0x00000000fef00000, 0x00000000fef00000|100%| E|CS|TAMS 0x00000000fee00000, 0x00000000fee00000| Complete 
|  47|0x00000000fef00000, 0x00000000ff000000, 0x00000000ff000000|100%| E|CS|TAMS 0x00000000fef00000, 0x00000000fef00000| Complete 
|  48|0x00000000ff000000, 0x00000000ff100000, 0x00000000ff100000|100%| S|CS|TAMS 0x00000000ff000000, 0x00000000ff000000| Complete 
|  49|0x00000000ff100000, 0x00000000ff200000, 0x00000000ff200000|100%| S|CS|TAMS 0x00000000ff100000, 0x00000000ff100000| Complete 
|  50|0x00000000ff200000, 0x00000000ff300000, 0x00000000ff300000|100%| E|CS|TAMS 0x00000000ff200000, 0x00000000ff200000| Complete 
|  51|0x00000000ff300000, 0x00000000ff400000, 0x00000000ff400000|100%| E|CS|TAMS 0x00000000ff300000, 0x00000000ff300000| Complete 
|  52|0x00000000ff400000, 0x00000000ff500000, 0x00000000ff500000|100%| E|CS|TAMS 0x00000000ff400000, 0x00000000ff400000| Complete 
|  53|0x00000000ff500000, 0x00000000ff600000, 0x00000000ff600000|100%| E|CS|TAMS 0x00000000ff500000, 0x00000000ff500000| Complete 
|  54|0x00000000ff600000, 0x00000000ff700000, 0x00000000ff700000|100%| E|CS|TAMS 0x00000000ff600000, 0x00000000ff600000| Complete 
|  55|0x00000000ff700000, 0x00000000ff800000, 0x00000000ff800000|100%| E|CS|TAMS 0x00000000ff700000, 0x00000000ff700000| Complete 
|  56|0x00000000ff800000, 0x00000000ff900000, 0x00000000ff900000|100%| E|CS|TAMS 0x00000000ff800000, 0x00000000ff800000| Complete 
|  57|0x00000000ff900000, 0x00000000ffa00000, 0x00000000ffa00000|100%| E|CS|TAMS 0x00000000ff900000, 0x00000000ff900000| Complete 
|  58|0x00000000ffa00000, 0x00000000ffb00000, 0x00000000ffb00000|100%| E|CS|TAMS 0x00000000ffa00000, 0x00000000ffa00000| Complete 
|  59|0x00000000ffb00000, 0x00000000ffc00000, 0x00000000ffc00000|100%| E|CS|TAMS 0x00000000ffb00000, 0x00000000ffb00000| Complete 
|  60|0x00000000ffc00000, 0x00000000ffd00000, 0x00000000ffd00000|100%| E|CS|TAMS 0x00000000ffc00000, 0x00000000ffc00000| Complete 
|  61|0x00000000ffd00000, 0x00000000ffe00000, 0x00000000ffe00000|100%| E|CS|TAMS 0x00000000ffd00000, 0x00000000ffd00000| Complete 
|  62|0x00000000ffe00000, 0x00000000fff00000, 0x00000000fff00000|100%| E|CS|TAMS 0x00000000ffe00000, 0x00000000ffe00000| Complete 
|  63|0x00000000fff00000, 0x0000000100000000, 0x0000000100000000|100%| E|CS|TAMS 0x00000000fff00000, 0x00000000fff00000| Complete 

Card table byte_map: [0x0000023cb8380000,0x0000023cb83a0000] _byte_map_base: 0x0000023cb7ba0000

Marking Bits (Prev, Next): (CMBitMap*) 0x0000023cb856f408, (CMBitMap*) 0x0000023cb856f440
 Prev Bits: [0x0000023cb83c0000, 0x0000023cb84c0000)
 Next Bits: [0x0000023ccfcd0000, 0x0000023ccfdd0000)

Polling page: 0x0000023cb63a0000

Metaspace:

Usage:
  Non-class:     14.31 MB capacity,    14.10 MB ( 99%) used,   195.16 KB (  1%) free+waste,    22.81 KB ( <1%) overhead. 
      Class:      1.90 MB capacity,     1.79 MB ( 94%) used,   101.93 KB (  5%) free+waste,    11.13 KB ( <1%) overhead. 
       Both:     16.21 MB capacity,    15.88 MB ( 98%) used,   297.09 KB (  2%) free+waste,    33.94 KB ( <1%) overhead. 

Virtual space:
  Non-class space:       16.00 MB reserved,      14.50 MB ( 91%) committed 
      Class space:        1.00 GB reserved,       2.00 MB ( <1%) committed 
             Both:        1.02 GB reserved,      16.50 MB (  2%) committed 

Chunk freelists:
   Non-Class:  2.00 KB
       Class:  9.00 KB
        Both:  11.00 KB

MaxMetaspaceSize: 17179869184.00 GB
CompressedClassSpaceSize: 1.00 GB
Initial GC threshold: 20.80 MB
Current GC threshold: 20.80 MB
CDS: off

CodeHeap 'non-profiled nmethods': size=120064Kb used=536Kb max_used=536Kb free=119527Kb
 bounds [0x0000023cc8790000, 0x0000023cc8a00000, 0x0000023ccfcd0000]
CodeHeap 'profiled nmethods': size=120000Kb used=3003Kb max_used=3003Kb free=116996Kb
 bounds [0x0000023cc1260000, 0x0000023cc1550000, 0x0000023cc8790000]
CodeHeap 'non-nmethods': size=5696Kb used=1164Kb max_used=1177Kb free=4532Kb
 bounds [0x0000023cc0cd0000, 0x0000023cc0f40000, 0x0000023cc1260000]
 total_blobs=1997 nmethods=1568 adapters=342
 compilation: enabled
              stopped_count=0, restarted_count=0
 full_count=0

Compilation events (20 events):
Event: 81.113 Thread 0x0000023cd2bd6000 nmethod 1559 0x0000023cc1549390 code [0x0000023cc1549580, 0x0000023cc1549918]
Event: 81.114 Thread 0x0000023cd2bd6000 1560       3       java.io.OutputStreamWriter::flush (8 bytes)
Event: 81.115 Thread 0x0000023cd2bd6000 nmethod 1560 0x0000023cc1549b90 code [0x0000023cc1549dc0, 0x0000023cc154a4c8]
Event: 81.115 Thread 0x0000023cd2bd6000 1561   !   3       sun.nio.cs.StreamEncoder::flush (26 bytes)
Event: 81.116 Thread 0x0000023cd2bd6000 nmethod 1561 0x0000023cc154a890 code [0x0000023cc154aaa0, 0x0000023cc154b128]
Event: 81.116 Thread 0x0000023cd2bd6000 1562       3       sun.nio.cs.StreamEncoder::implFlush (19 bytes)
Event: 81.116 Thread 0x0000023cd2bd6000 nmethod 1562 0x0000023cc154b490 code [0x0000023cc154b660, 0x0000023cc154b978]
Event: 81.238 Thread 0x0000023cd2bd6000 1563       3       org.gradle.internal.logging.text.AbstractLineChoppingStyledTextOutput::doAppend (43 bytes)
Event: 81.239 Thread 0x0000023cd2bd6000 nmethod 1563 0x0000023cc154ba90 code [0x0000023cc154bca0, 0x0000023cc154c168]
Event: 81.239 Thread 0x0000023cd2bcf000 1564       4       org.gradle.internal.logging.text.AbstractLineChoppingStyledTextOutput$StateContext::hasChar (25 bytes)
Event: 81.240 Thread 0x0000023cd2bcf000 nmethod 1564 0x0000023cc8815f90 code [0x0000023cc8816120, 0x0000023cc88161b8]
Event: 81.280 Thread 0x0000023cd2bd6000 1565       3       java.lang.AbstractStringBuilder::delete (46 bytes)
Event: 81.280 Thread 0x0000023cd2bd6000 nmethod 1565 0x0000023cc154c310 code [0x0000023cc154c4e0, 0x0000023cc154c718]
Event: 81.282 Thread 0x0000023cd2bd6000 1566       3       org.gradle.internal.logging.console.DefaultWorkInProgressFormatter::trim (50 bytes)
Event: 81.283 Thread 0x0000023cd2bd6000 nmethod 1566 0x0000023cc154c810 code [0x0000023cc154ca80, 0x0000023cc154d4a8]
Event: 81.284 Thread 0x0000023cd2bd6000 1567       3       org.gradle.internal.logging.sink.GroupingProgressLogEventGenerator$OperationGroup::shouldForward (42 bytes)
Event: 81.285 Thread 0x0000023cd2bd6000 nmethod 1567 0x0000023cc154d890 code [0x0000023cc154daa0, 0x0000023cc154dfc8]
Event: 81.316 Thread 0x0000023cd2bd6000 1568       3       com.google.common.collect.Iterators::addAll (41 bytes)
Event: 81.317 Thread 0x0000023cd2bd6000 nmethod 1568 0x0000023cc154e190 code [0x0000023cc154e3c0, 0x0000023cc154ea48]
Event: 81.318 Thread 0x0000023cd2bd6000 1569       3       org.gradle.internal.logging.console.ProgressBar::formatProgress (308 bytes)

GC Heap History (2 events):
Event: 0.824 GC heap before
{Heap before GC invocations=0 (full 0):
 garbage-first heap   total 65536K, used 16384K [0x00000000fc000000, 0x0000000100000000)
  region size 1024K, 14 young (14336K), 0 survivors (0K)
 Metaspace       used 7692K, capacity 7941K, committed 8192K, reserved 1056768K
  class space    used 674K, capacity 754K, committed 768K, reserved 1048576K
}
Event: 0.832 GC heap after
{Heap after GC invocations=1 (full 0):
 garbage-first heap   total 65536K, used 3662K [0x00000000fc000000, 0x0000000100000000)
  region size 1024K, 2 young (2048K), 2 survivors (2048K)
 Metaspace       used 7692K, capacity 7941K, committed 8192K, reserved 1056768K
  class space    used 674K, capacity 754K, committed 768K, reserved 1048576K
}

Deoptimization events (20 events):
Event: 1.679 Thread 0x0000023cb64ba000 DEOPT PACKING pc=0x0000023cc87f1acc sp=0x000000d8389fb5d0
Event: 1.679 Thread 0x0000023cb64ba000 DEOPT UNPACKING pc=0x0000023cc0d1a1af sp=0x000000d8389fb4a0 mode 2
Event: 1.791 Thread 0x0000023cb64ba000 DEOPT PACKING pc=0x0000023cc1354130 sp=0x000000d8389f7d80
Event: 1.791 Thread 0x0000023cb64ba000 DEOPT UNPACKING pc=0x0000023cc0d1a95e sp=0x000000d8389f7298 mode 0
Event: 1.826 Thread 0x0000023cb64ba000 Uncommon trap: trap_request=0xffffff4d fr.pc=0x0000023cc87ee160 relative=0x00000000000001a0
Event: 1.826 Thread 0x0000023cb64ba000 Uncommon trap: reason=unstable_if action=reinterpret pc=0x0000023cc87ee160 method=java.util.HashMap.getNode(ILjava/lang/Object;)Ljava/util/HashMap$Node; @ 129 c2
Event: 1.826 Thread 0x0000023cb64ba000 DEOPT PACKING pc=0x0000023cc87ee160 sp=0x000000d8389fa840
Event: 1.826 Thread 0x0000023cb64ba000 DEOPT UNPACKING pc=0x0000023cc0d1a1af sp=0x000000d8389fa740 mode 2
Event: 2.208 Thread 0x0000023cb64ba000 Uncommon trap: trap_request=0xffffff4d fr.pc=0x0000023cc87de8b8 relative=0x0000000000001a58
Event: 2.208 Thread 0x0000023cb64ba000 Uncommon trap: reason=unstable_if action=reinterpret pc=0x0000023cc87de8b8 method=java.io.WinNTFileSystem.normalize(Ljava/lang/String;)Ljava/lang/String; @ 128 c2
Event: 2.208 Thread 0x0000023cb64ba000 DEOPT PACKING pc=0x0000023cc87de8b8 sp=0x000000d8389fa2e0
Event: 2.208 Thread 0x0000023cb64ba000 DEOPT UNPACKING pc=0x0000023cc0d1a1af sp=0x000000d8389fa2b8 mode 2
Event: 2.722 Thread 0x0000023cb64ba000 Uncommon trap: trap_request=0xffffff4d fr.pc=0x0000023cc87c5110 relative=0x0000000000000550
Event: 2.722 Thread 0x0000023cb64ba000 Uncommon trap: reason=unstable_if action=reinterpret pc=0x0000023cc87c5110 method=java.lang.AbstractStringBuilder.append(Ljava/lang/String;)Ljava/lang/AbstractStringBuilder; @ 1 c2
Event: 2.722 Thread 0x0000023cb64ba000 DEOPT PACKING pc=0x0000023cc87c5110 sp=0x000000d8389fc820
Event: 2.722 Thread 0x0000023cb64ba000 DEOPT UNPACKING pc=0x0000023cc0d1a1af sp=0x000000d8389fc7a0 mode 2
Event: 2.723 Thread 0x0000023cb64ba000 Uncommon trap: trap_request=0xffffff4d fr.pc=0x0000023cc87d19e4 relative=0x0000000000000524
Event: 2.723 Thread 0x0000023cb64ba000 Uncommon trap: reason=unstable_if action=reinterpret pc=0x0000023cc87d19e4 method=java.lang.AbstractStringBuilder.append(Ljava/lang/String;)Ljava/lang/AbstractStringBuilder; @ 1 c2
Event: 2.723 Thread 0x0000023cb64ba000 DEOPT PACKING pc=0x0000023cc87d19e4 sp=0x000000d8389fc7c0
Event: 2.723 Thread 0x0000023cb64ba000 DEOPT UNPACKING pc=0x0000023cc0d1a1af sp=0x000000d8389fc7a8 mode 2

Classes redefined (0 events):
No events

Internal exceptions (14 events):
Event: 0.347 Thread 0x0000023cb64ba000 Exception <a 'java/lang/NoSuchMethodError'{0x00000000ffc480c0}: 'int java.lang.invoke.DirectMethodHandle$Holder.invokeStaticInit(java.lang.Object, java.lang.Object)'> (0x00000000ffc480c0) thrown at [s\src\hotspot\share\interpreter\linkResolver.cpp, line 773]
Event: 0.410 Thread 0x0000023cb64ba000 Exception <a 'java/lang/NoSuchMethodError'{0x00000000ffb1bf70}: 'int java.lang.invoke.DirectMethodHandle$Holder.invokeSpecial(java.lang.Object, java.lang.Object, java.lang.Object, java.lang.Object)'> (0x00000000ffb1bf70) thrown at [s\src\hotspot\share\interpreter\linkResolver.cpp, line 773]
Event: 0.421 Thread 0x0000023cb64ba000 Exception <a 'java/lang/NoSuchMethodError'{0x00000000ffb54a80}: 'int java.lang.invoke.DirectMethodHandle$Holder.invokeSpecialIFC(java.lang.Object, java.lang.Object, int)'> (0x00000000ffb54a80) thrown at [s\src\hotspot\share\interpreter\linkResolver.cpp, line 773]
Event: 1.244 Thread 0x0000023cb64ba000 Implicit null exception at 0x0000023cc87d0a75 to 0x0000023cc87d0c4c
Event: 1.312 Thread 0x0000023cb64ba000 Exception <a 'java/lang/NoClassDefFoundError'{0x00000000ff6df040}: org/slf4j/impl/StaticMarkerBinder> (0x00000000ff6df040) thrown at [s\src\hotspot\share\classfile\systemDictionary.cpp, line 219]
Event: 1.347 Thread 0x0000023cb64ba000 Exception <a 'java/lang/NoSuchMethodError'{0x00000000ff5dd9e8}: 'java.lang.Object java.lang.invoke.DirectMethodHandle$Holder.invokeVirtual(java.lang.Object, java.lang.Object, java.lang.Object, java.lang.Object, java.lang.Object, java.lang.Object, java.lang.Object)'> (0x00000000ff5dd9e8) thrown at [s\src\hotspot\share\interpreter\linkResolver.cpp, line 773]
Event: 1.353 Thread 0x0000023cb64ba000 Exception <a 'java/lang/NoSuchMethodError'{0x00000000ff5f1520}: 'java.lang.Object java.lang.invoke.Invokers$Holder.invoker(java.lang.Object, java.lang.Object, java.lang.Object)'> (0x00000000ff5f1520) thrown at [s\src\hotspot\share\interpreter\linkResolver.cpp, line 773]
Event: 1.359 Thread 0x0000023cb64ba000 Exception <a 'java/lang/NoSuchMethodError'{0x00000000ff402578}: 'void java.lang.invoke.DelegatingMethodHandle$Holder.delegate(java.lang.Object, java.lang.Object, int, java.lang.Object)'> (0x00000000ff402578) thrown at [s\src\hotspot\share\interpreter\linkResolver.cpp, line 773]
Event: 1.594 Thread 0x0000023cb64ba000 Exception <a 'java/lang/NoSuchMethodError'{0x00000000feb49e70}: 'java.lang.Object java.lang.invoke.DirectMethodHandle$Holder.invokeInterface(java.lang.Object, java.lang.Object, java.lang.Object)'> (0x00000000feb49e70) thrown at [s\src\hotspot\share\interpreter\linkResolver.cpp, line 773]
Event: 1.699 Thread 0x0000023cb64ba000 Exception <a 'java/lang/NoSuchMethodError'{0x00000000fe89e958}: 'java.lang.Object java.lang.invoke.DirectMethodHandle$Holder.invokeStaticInit(java.lang.Object, java.lang.Object, java.lang.Object)'> (0x00000000fe89e958) thrown at [s\src\hotspot\share\interpreter\linkResolver.cpp, line 773]
Event: 1.859 Thread 0x0000023cb64ba000 Exception <a 'java/lang/NoSuchMethodError'{0x00000000fe359d88}: 'java.lang.Object java.lang.invoke.DirectMethodHandle$Holder.invokeStaticInit(java.lang.Object, int, int, int, int)'> (0x00000000fe359d88) thrown at [s\src\hotspot\share\interpreter\linkResolver.cpp, line 773]
Event: 2.220 Thread 0x0000023cb64ba000 Exception <a 'java/lang/NoSuchMethodError'{0x00000000fe3ae2f0}: 'java.lang.Object java.lang.invoke.DirectMethodHandle$Holder.invokeStaticInit(java.lang.Object, java.lang.Object, int, int, int, int)'> (0x00000000fe3ae2f0) thrown at [s\src\hotspot\share\interpreter\linkResolver.cpp, line 773]
Event: 2.722 Thread 0x0000023cb64ba000 Implicit null exception at 0x0000023cc87c4bf4 to 0x0000023cc87c50f8
Event: 2.723 Thread 0x0000023cb64ba000 Implicit null exception at 0x0000023cc87d14f4 to 0x0000023cc87d19cc

Events (20 events):
Event: 16.047 loading class java/io/ObjectInputFilter$Config
Event: 16.047 loading class java/io/ObjectInputFilter$Config done
Event: 16.048 loading class java/io/ObjectInputFilter
Event: 16.048 loading class java/io/ObjectInputFilter done
Event: 16.049 loading class jdk/internal/misc/JavaObjectInputFilterAccess
Event: 16.049 loading class jdk/internal/misc/JavaObjectInputFilterAccess done
Event: 16.049 loading class java/io/Bits
Event: 16.050 loading class java/io/Bits done
Event: 16.050 loading class org/gradle/internal/serialize/ExceptionReplacingObjectInputStream$1
Event: 16.050 loading class org/gradle/internal/serialize/ExceptionReplacingObjectInputStream$1 done
Event: 16.093 loading class org/gradle/internal/logging/text/AbstractLineChoppingStyledTextOutput$StateContext
Event: 16.093 loading class org/gradle/internal/logging/text/AbstractLineChoppingStyledTextOutput$StateContext done
Event: 16.124 loading class org/gradle/internal/logging/console/DefaultTextArea$2
Event: 16.124 loading class org/gradle/internal/logging/console/DefaultTextArea$2 done
Event: 16.125 loading class org/gradle/internal/logging/console/DefaultTextArea$2$1
Event: 16.125 loading class org/gradle/internal/logging/console/DefaultTextArea$2$1 done
Event: 22.426 loading class com/google/common/base/Objects
Event: 22.426 loading class com/google/common/base/Objects done
Event: 22.427 loading class com/google/common/base/ExtraObjectsMethodsForWeb
Event: 22.427 loading class com/google/common/base/ExtraObjectsMethodsForWeb done


Dynamic libraries:
0x00007ff616030000 - 0x00007ff61603d000 	C:\Program Files\Microsoft\jdk-11.0.20.8-hotspot\bin\java.exe
0x00007ff9b2990000 - 0x00007ff9b2b88000 	C:\Windows\SYSTEM32\ntdll.dll
0x00007ff9b0bd0000 - 0x00007ff9b0c8d000 	C:\Windows\System32\KERNEL32.DLL
0x00007ff9b05b0000 - 0x00007ff9b08a6000 	C:\Windows\System32\KERNELBASE.dll
0x00007ff9b04b0000 - 0x00007ff9b05b0000 	C:\Windows\System32\ucrtbase.dll
0x00007ff9ab210000 - 0x00007ff9ab227000 	C:\Program Files\Microsoft\jdk-11.0.20.8-hotspot\bin\jli.dll
0x00007ff9ab620000 - 0x00007ff9ab635000 	C:\Program Files\Microsoft\jdk-11.0.20.8-hotspot\bin\VCRUNTIME140.dll
0x00007ff9b0d70000 - 0x00007ff9b0f0e000 	C:\Windows\System32\USER32.dll
0x00007ff9b02e0000 - 0x00007ff9b0302000 	C:\Windows\System32\win32u.dll
0x00007ff9a5bd0000 - 0x00007ff9a5e6a000 	C:\Windows\WinSxS\amd64_microsoft.windows.common-controls_6595b64144ccf1df_6.0.19041.3636_none_60b6a03d71f818d5\COMCTL32.dll
0x00007ff9b1d10000 - 0x00007ff9b1d3b000 	C:\Windows\System32\GDI32.dll
0x00007ff9b26a0000 - 0x00007ff9b273e000 	C:\Windows\System32\msvcrt.dll
0x00007ff9b08b0000 - 0x00007ff9b09c7000 	C:\Windows\System32\gdi32full.dll
0x00007ff9b0410000 - 0x00007ff9b04ad000 	C:\Windows\System32\msvcp_win.dll
0x00007ff9b0a70000 - 0x00007ff9b0aa2000 	C:\Windows\System32\IMM32.DLL
0x00007ff997dc0000 - 0x00007ff997e5b000 	C:\Program Files\Microsoft\jdk-11.0.20.8-hotspot\bin\msvcp140.dll
0x00007ff987730000 - 0x00007ff9882c6000 	C:\Program Files\Microsoft\jdk-11.0.20.8-hotspot\bin\server\jvm.dll
0x00007ff9b25d0000 - 0x00007ff9b2683000 	C:\Windows\System32\ADVAPI32.dll
0x00007ff9b09d0000 - 0x00007ff9b0a6f000 	C:\Windows\System32\sechost.dll
0x00007ff9b1d40000 - 0x00007ff9b1e66000 	C:\Windows\System32\RPCRT4.dll
0x00007ff9b0050000 - 0x00007ff9b0077000 	C:\Windows\System32\bcrypt.dll
0x00007ff9b2690000 - 0x00007ff9b2698000 	C:\Windows\System32\PSAPI.DLL
0x00007ff9ab720000 - 0x00007ff9ab729000 	C:\Windows\SYSTEM32\WSOCK32.dll
0x00007ff9a6940000 - 0x00007ff9a6967000 	C:\Windows\SYSTEM32\WINMM.dll
0x00007ff9b23a0000 - 0x00007ff9b240b000 	C:\Windows\System32\WS2_32.dll
0x00007ff9a6f90000 - 0x00007ff9a6f9a000 	C:\Windows\SYSTEM32\VERSION.dll
0x00007ff9ade20000 - 0x00007ff9ade32000 	C:\Windows\SYSTEM32\kernel.appcore.dll
0x00007ff9ab110000 - 0x00007ff9ab120000 	C:\Program Files\Microsoft\jdk-11.0.20.8-hotspot\bin\verify.dll
0x00007ff9a8a30000 - 0x00007ff9a8c14000 	C:\Windows\SYSTEM32\DBGHELP.DLL
0x00007ff9a8da0000 - 0x00007ff9a8dd4000 	C:\Windows\SYSTEM32\dbgcore.DLL
0x00007ff9b0250000 - 0x00007ff9b02d2000 	C:\Windows\System32\bcryptPrimitives.dll
0x00007ff9a30e0000 - 0x00007ff9a3108000 	C:\Program Files\Microsoft\jdk-11.0.20.8-hotspot\bin\java.dll
0x00007ff9ab100000 - 0x00007ff9ab10a000 	C:\Program Files\Microsoft\jdk-11.0.20.8-hotspot\bin\jimage.dll
0x00007ff9aa8f0000 - 0x00007ff9aa908000 	C:\Program Files\Microsoft\jdk-11.0.20.8-hotspot\bin\zip.dll
0x00007ff9b0f10000 - 0x00007ff9b1655000 	C:\Windows\System32\SHELL32.dll
0x00007ff9ae100000 - 0x00007ff9ae89c000 	C:\Windows\SYSTEM32\windows.storage.dll
0x00007ff9b1fe0000 - 0x00007ff9b2334000 	C:\Windows\System32\combase.dll
0x00007ff9afa80000 - 0x00007ff9afaae000 	C:\Windows\SYSTEM32\Wldp.dll
0x00007ff9b1c30000 - 0x00007ff9b1cfd000 	C:\Windows\System32\OLEAUT32.dll
0x00007ff9b1710000 - 0x00007ff9b17bd000 	C:\Windows\System32\SHCORE.dll
0x00007ff9b2410000 - 0x00007ff9b2465000 	C:\Windows\System32\shlwapi.dll
0x00007ff9aff80000 - 0x00007ff9affa5000 	C:\Windows\SYSTEM32\profapi.dll
0x00007ff9a9560000 - 0x00007ff9a9579000 	C:\Program Files\Microsoft\jdk-11.0.20.8-hotspot\bin\net.dll
0x00007ff9a8580000 - 0x00007ff9a868a000 	C:\Windows\SYSTEM32\WINHTTP.dll
0x00007ff9af7e0000 - 0x00007ff9af84a000 	C:\Windows\system32\mswsock.dll
0x00007ff9a7330000 - 0x00007ff9a7343000 	C:\Program Files\Microsoft\jdk-11.0.20.8-hotspot\bin\nio.dll
0x00007ff9a30b0000 - 0x00007ff9a30d7000 	C:\Users\aanan\.gradle\native\e1d6ef7f7dcc3fd88c89a11ec53ec762bb8ba0a96d01ffa2cd45eb1d1d8dd5c5\windows-amd64\native-platform.dll
0x00007ff9aba40000 - 0x00007ff9aba4a000 	C:\Users\aanan\.gradle\native\jansi\1.18\windows64\jansi.dll
0x00007ff9aae10000 - 0x00007ff9aae19000 	C:\Program Files\Microsoft\jdk-11.0.20.8-hotspot\bin\management.dll
0x00007ff9a9aa0000 - 0x00007ff9a9aab000 	C:\Program Files\Microsoft\jdk-11.0.20.8-hotspot\bin\management_ext.dll
0x00007ff9af9d0000 - 0x00007ff9af9e8000 	C:\Windows\SYSTEM32\CRYPTSP.dll
0x00007ff9af0a0000 - 0x00007ff9af0d4000 	C:\Windows\system32\rsaenh.dll
0x00007ff9aff40000 - 0x00007ff9aff6e000 	C:\Windows\SYSTEM32\USERENV.dll
0x00007ff9af9f0000 - 0x00007ff9af9fc000 	C:\Windows\SYSTEM32\CRYPTBASE.dll
0x00007ff9af480000 - 0x00007ff9af4bb000 	C:\Windows\SYSTEM32\IPHLPAPI.DLL
0x00007ff9b1d00000 - 0x00007ff9b1d08000 	C:\Windows\System32\NSI.dll
0x00007ff9a9580000 - 0x00007ff9a9597000 	C:\Windows\SYSTEM32\dhcpcsvc6.DLL
0x00007ff9aa350000 - 0x00007ff9aa36d000 	C:\Windows\SYSTEM32\dhcpcsvc.DLL
0x00007ff9af4d0000 - 0x00007ff9af59b000 	C:\Windows\SYSTEM32\DNSAPI.dll

dbghelp: loaded successfully - version: 4.0.5 - missing functions: none
symbol engine: initialized successfully - sym options: 0x614 - pdb path: .;C:\Program Files\Microsoft\jdk-11.0.20.8-hotspot\bin;C:\Windows\SYSTEM32;C:\Windows\WinSxS\amd64_microsoft.windows.common-controls_6595b64144ccf1df_6.0.19041.3636_none_60b6a03d71f818d5;C:\Program Files\Microsoft\jdk-11.0.20.8-hotspot\bin\server;C:\Users\aanan\.gradle\native\e1d6ef7f7dcc3fd88c89a11ec53ec762bb8ba0a96d01ffa2cd45eb1d1d8dd5c5\windows-amd64;C:\Users\aanan\.gradle\native\jansi\1.18\windows64

VM Arguments:
jvm_args: -Xmx64m -Xms64m -Dorg.gradle.appname=gradlew 
java_command: org.gradle.wrapper.GradleWrapperMain assembleRelease
java_class_path (initial): C:\Users\aanan\Downloads\ecommerce\android\\gradle\wrapper\gradle-wrapper.jar
Launcher Type: SUN_STANDARD

[Global flags]
     intx CICompilerCount                          = 3                                         {product} {ergonomic}
     uint ConcGCThreads                            = 1                                         {product} {ergonomic}
     uint G1ConcRefinementThreads                  = 4                                         {product} {ergonomic}
   size_t G1HeapRegionSize                         = 1048576                                   {product} {ergonomic}
    uintx GCDrainStackTargetSize                   = 64                                        {product} {ergonomic}
   size_t InitialHeapSize                          = 67108864                                  {product} {command line}
   size_t MarkStackSize                            = 4194304                                   {product} {ergonomic}
   size_t MaxHeapSize                              = 67108864                                  {product} {command line}
   size_t MaxNewSize                               = 39845888                                  {product} {ergonomic}
   size_t MinHeapDeltaBytes                        = 1048576                                   {product} {ergonomic}
    uintx NonNMethodCodeHeapSize                   = 5830732                                {pd product} {ergonomic}
    uintx NonProfiledCodeHeapSize                  = 122913754                              {pd product} {ergonomic}
    uintx ProfiledCodeHeapSize                     = 122913754                              {pd product} {ergonomic}
    uintx ReservedCodeCacheSize                    = 251658240                              {pd product} {ergonomic}
     bool SegmentedCodeCache                       = true                                      {product} {ergonomic}
     bool UseCompressedClassPointers               = true                                 {lp64_product} {ergonomic}
     bool UseCompressedOops                        = true                                 {lp64_product} {ergonomic}
     bool UseG1GC                                  = true                                      {product} {ergonomic}
     bool UseLargePagesIndividualAllocation        = false                                  {pd product} {ergonomic}

Logging:
Log output configuration:
 #0: stdout all=warning uptime,level,tags
 #1: stderr all=off uptime,level,tags

Environment Variables:
JAVA_HOME=C:\Program Files\Microsoft\jdk-11.0.20.8-hotspot\
CLASSPATH=C:\Users\aanan\Downloads\ecommerce\android\\gradle\wrapper\gradle-wrapper.jar
PATH=C:\Program Files\Microsoft\jdk-11.0.20.8-hotspot\bin;C:\Program Files (x86)\Intel\iCLS Client\;C:\Program Files\Intel\iCLS Client\;C:\Windows\system32;C:\Windows;C:\Windows\System32\Wbem;C:\Windows\System32\WindowsPowerShell\v1.0\;C:\Windows\System32\OpenSSH\;C:\Program Files\dotnet\;C:\Program Files\Intel\Intel(R) Management Engine Components\DAL;C:\Program Files\Intel\Intel(R) Management Engine Components\IPT;C:\Program Files (x86)\Intel\Intel(R) Management Engine Components\DAL;C:\Program Files (x86)\Intel\Intel(R) Management Engine Components\IPT;C:\ProgramData\chocolatey\bin;C:\Program Files\nodejs\;C:\Users\aanan\AppData\Local\Android\Sdk\platform-tools;C:\Program Files\Git\cmd;C:\Program Files\Git\mingw64\bin;C:\Program Files\Git\usr\bin;C:\Users\aanan\AppData\Local\Microsoft\WindowsApps;;C:\Users\aanan\AppData\Local\Programs\Microsoft VS Code\bin;C:\Users\aanan\AppData\Roaming\npm
USERNAME=Devendra
OS=Windows_NT
PROCESSOR_IDENTIFIER=Intel64 Family 6 Model 69 Stepping 1, GenuineIntel
TMP=C:\Users\aanan\AppData\Local\Temp
TEMP=C:\Users\aanan\AppData\Local\Temp



---------------  S Y S T E M  ---------------

OS: Windows 10 , 64 bit Build 19041 (10.0.19041.3636)
OS uptime: 2 days 2:25 hours

CPU:total 4 (initial active 4) (2 cores per cpu, 2 threads per core) family 6 model 69 stepping 1 microcode 0x25, cmov, cx8, fxsr, mmx, sse, sse2, sse3, ssse3, sse4.1, sse4.2, popcnt, avx, avx2, aes, clmul, erms, lzcnt, ht, tsc, tscinvbit, bmi1, bmi2, fma

Memory: 4k page, system-wide physical 6024M (365M free)
TotalPageFile size 8072M (AvailPageFile size 0M)
current process WorkingSet (physical memory assigned to process): 91M, peak: 95M
current process commit charge ("private bytes"): 152M, peak: 157M

vm_info: OpenJDK 64-Bit Server VM (11.0.20+8-LTS) for windows-amd64 JRE (11.0.20+8-LTS), built on Jul  7 2023 17:05:21 by "MicrosoftCorporation" with MS VC++ 15.9 (VS2017)

END.
